2022-02-11 02:06 INFO End epoch 0 of training:
2022-02-11 02:06 INFO Loss: 2.373913288116455 
2022-02-11 02:06 INFO accuracy: 0.46717050671577454 
2022-02-11 02:06 INFO val_loss: 1.1405001878738403 
2022-02-11 02:06 INFO val_accuracy: 0.6774137616157532 
2022-02-11 02:06 INFO ---------------------------------------
2022-02-11 03:04 INFO End epoch 1 of training:
2022-02-11 03:04 INFO Loss: 0.8854081034660339 
2022-02-11 03:04 INFO accuracy: 0.7428928017616272 
2022-02-11 03:04 INFO val_loss: 1.0126705169677734 
2022-02-11 03:04 INFO val_accuracy: 0.7126489877700806 
2022-02-11 03:04 INFO ---------------------------------------
2022-02-11 04:02 INFO End epoch 2 of training:
2022-02-11 04:02 INFO Loss: 0.5750842094421387 
2022-02-11 04:02 INFO accuracy: 0.8203001022338867 
2022-02-11 04:02 INFO val_loss: 1.0164824724197388 
2022-02-11 04:02 INFO val_accuracy: 0.7226092219352722 
2022-02-11 04:02 INFO ---------------------------------------
2022-02-11 05:00 INFO End epoch 3 of training:
2022-02-11 05:00 INFO Loss: 0.41874122619628906 
2022-02-11 05:00 INFO accuracy: 0.866230309009552 
2022-02-11 05:00 INFO val_loss: 1.0598561763763428 
2022-02-11 05:00 INFO val_accuracy: 0.7269272804260254 
2022-02-11 05:00 INFO ---------------------------------------
2022-02-11 05:58 INFO End epoch 4 of training:
2022-02-11 05:58 INFO Loss: 0.31265395879745483 
2022-02-11 05:58 INFO accuracy: 0.8983836770057678 
2022-02-11 05:58 INFO val_loss: 1.1081565618515015 
2022-02-11 05:58 INFO val_accuracy: 0.7294029593467712 
2022-02-11 05:58 INFO ---------------------------------------
2022-02-11 06:56 INFO End epoch 5 of training:
2022-02-11 06:56 INFO Loss: 0.24673163890838623 
2022-02-11 06:56 INFO accuracy: 0.9178846478462219 
2022-02-11 06:56 INFO val_loss: 1.1319791078567505 
2022-02-11 06:56 INFO val_accuracy: 0.7348148822784424 
2022-02-11 06:56 INFO ---------------------------------------
2022-02-11 07:53 INFO End epoch 6 of training:
2022-02-11 07:53 INFO Loss: 0.2012844979763031 
2022-02-11 07:53 INFO accuracy: 0.9320412278175354 
2022-02-11 07:53 INFO val_loss: 1.1733804941177368 
2022-02-11 07:53 INFO val_accuracy: 0.7417237758636475 
2022-02-11 07:53 INFO ---------------------------------------
2022-02-11 08:51 INFO End epoch 7 of training:
2022-02-11 08:51 INFO Loss: 0.17181643843650818 
2022-02-11 08:51 INFO accuracy: 0.9410992860794067 
2022-02-11 08:51 INFO val_loss: 1.2083468437194824 
2022-02-11 08:51 INFO val_accuracy: 0.7405146956443787 
2022-02-11 08:51 INFO ---------------------------------------
