2022-02-06 13:14 WARNING Callback method `on_train_batch_end` is slow compared to the batch time (batch time: 0.1600s vs `on_train_batch_end` time: 0.1718s). Check your callbacks.
2022-02-06 14:50 INFO End epoch 0 of training:
2022-02-06 14:50 INFO Loss: 1.1888117790222168 
2022-02-06 14:50 INFO accuracy: 0.700644850730896 
2022-02-06 14:50 INFO val_loss: 1.2131603956222534 
2022-02-06 14:50 INFO val_accuracy: 0.7154700756072998 
2022-02-06 14:50 INFO ---------------------------------------
2022-02-06 16:06 INFO End epoch 1 of training:
2022-02-06 16:06 INFO Loss: 0.5235083103179932 
2022-02-06 16:06 INFO accuracy: 0.853883683681488 
2022-02-06 16:06 INFO val_loss: 1.169118881225586 
2022-02-06 16:06 INFO val_accuracy: 0.7452357411384583 
2022-02-06 16:06 INFO ---------------------------------------
2022-02-06 17:07 INFO End epoch 2 of training:
2022-02-06 17:07 INFO Loss: 0.3405875563621521 
2022-02-06 17:07 INFO accuracy: 0.9023044109344482 
2022-02-06 17:07 INFO val_loss: 1.2269760370254517 
2022-02-06 17:07 INFO val_accuracy: 0.7679774165153503 
2022-02-06 17:07 INFO ---------------------------------------
2022-02-06 18:08 INFO End epoch 3 of training:
2022-02-06 18:08 INFO Loss: 0.24708715081214905 
2022-02-06 18:08 INFO accuracy: 0.9270726442337036 
2022-02-06 18:08 INFO val_loss: 1.0655310153961182 
2022-02-06 18:08 INFO val_accuracy: 0.8073003888130188 
2022-02-06 18:08 INFO ---------------------------------------
