2022-02-06 02:57 INFO End epoch 0 of training:
2022-02-06 02:57 INFO Loss: 0.8944000005722046 
2022-02-06 02:57 INFO accuracy: 0.7695135474205017 
2022-02-06 02:57 INFO val_loss: 0.8368158936500549 
2022-02-06 02:57 INFO val_accuracy: 0.8074730634689331 
2022-02-06 02:57 INFO ---------------------------------------
2022-02-06 04:39 INFO End epoch 1 of training:
2022-02-06 04:39 INFO Loss: 0.35353347659111023 
2022-02-06 04:39 INFO accuracy: 0.8994407653808594 
2022-02-06 04:39 INFO val_loss: 0.8798028230667114 
2022-02-06 04:39 INFO val_accuracy: 0.818009078502655 
2022-02-06 04:39 INFO ---------------------------------------
2022-02-06 06:40 INFO End epoch 2 of training:
2022-02-06 06:40 INFO Loss: 0.2411603480577469 
2022-02-06 06:40 INFO accuracy: 0.9293655753135681 
2022-02-06 06:40 INFO val_loss: 0.8711957335472107 
2022-02-06 06:40 INFO val_accuracy: 0.831366240978241 
2022-02-06 06:40 INFO ---------------------------------------
2022-02-06 08:41 INFO End epoch 3 of training:
2022-02-06 08:41 INFO Loss: 0.17068864405155182 
2022-02-06 08:41 INFO accuracy: 0.9494330286979675 
2022-02-06 08:41 INFO val_loss: 0.8443905711174011 
2022-02-06 08:41 INFO val_accuracy: 0.8436870574951172 
2022-02-06 08:41 INFO ---------------------------------------
2022-02-06 10:42 INFO End epoch 4 of training:
2022-02-06 10:42 INFO Loss: 0.13029520213603973 
2022-02-06 10:42 INFO accuracy: 0.9608975648880005 
2022-02-06 10:42 INFO val_loss: 0.9072110056877136 
2022-02-06 10:42 INFO val_accuracy: 0.8408083319664001 
2022-02-06 10:42 INFO ---------------------------------------
