2022-02-11 11:23 INFO End epoch 0 of training:
2022-02-11 11:23 INFO Loss: 5.403296947479248 
2022-02-11 11:23 INFO accuracy: 0.7738600373268127 
2022-02-11 11:23 INFO val_loss: 4.961360454559326 
2022-02-11 11:23 INFO val_accuracy: 0.7714318633079529 
2022-02-11 11:23 INFO ---------------------------------------
2022-02-11 12:14 INFO End epoch 1 of training:
2022-02-11 12:14 INFO Loss: 4.225955963134766 
2022-02-11 12:14 INFO accuracy: 0.9500162601470947 
2022-02-11 12:14 INFO val_loss: 3.954122543334961 
2022-02-11 12:14 INFO val_accuracy: 0.772871196269989 
2022-02-11 12:14 INFO ---------------------------------------
2022-02-11 13:04 INFO End epoch 2 of training:
2022-02-11 13:04 INFO Loss: 3.1107633113861084 
2022-02-11 13:04 INFO accuracy: 0.9527101516723633 
2022-02-11 13:04 INFO val_loss: 3.012162208557129 
2022-02-11 13:04 INFO val_accuracy: 0.7744832634925842 
2022-02-11 13:04 INFO ---------------------------------------
2022-02-11 14:00 INFO End epoch 3 of training:
2022-02-11 14:00 INFO Loss: 2.170017957687378 
2022-02-11 14:00 INFO accuracy: 0.9546591639518738 
2022-02-11 14:00 INFO val_loss: 2.274547576904297 
2022-02-11 14:00 INFO val_accuracy: 0.7753468751907349 
2022-02-11 14:00 INFO ---------------------------------------
2022-02-11 15:15 INFO End epoch 4 of training:
2022-02-11 15:15 INFO Loss: 1.5310081243515015 
2022-02-11 15:15 INFO accuracy: 0.9559682011604309 
2022-02-11 15:15 INFO val_loss: 1.7653048038482666 
2022-02-11 15:15 INFO val_accuracy: 0.775634765625 
2022-02-11 15:15 INFO ---------------------------------------
