2022-02-08 23:38 INFO End epoch 0 of training:
2022-02-08 23:38 INFO Loss: 2.0366671085357666 
2022-02-08 23:38 INFO accuracy: 0.525315523147583 
2022-02-08 23:38 INFO val_loss: 1.1564723253250122 
2022-02-08 23:38 INFO val_accuracy: 0.6778168082237244 
2022-02-08 23:38 INFO ---------------------------------------
2022-02-09 00:16 INFO End epoch 1 of training:
2022-02-09 00:16 INFO Loss: 0.8211296200752258 
2022-02-09 00:16 INFO accuracy: 0.7598589658737183 
2022-02-09 00:16 INFO val_loss: 1.0562824010849 
2022-02-09 00:16 INFO val_accuracy: 0.7081581950187683 
2022-02-09 00:16 INFO ---------------------------------------
2022-02-09 00:52 INFO End epoch 2 of training:
2022-02-09 00:52 INFO Loss: 0.5432330965995789 
2022-02-09 00:52 INFO accuracy: 0.8321641683578491 
2022-02-09 00:52 INFO val_loss: 1.0608893632888794 
2022-02-09 00:52 INFO val_accuracy: 0.7177730202674866 
2022-02-09 00:52 INFO ---------------------------------------
2022-02-09 01:28 INFO End epoch 3 of training:
2022-02-09 01:28 INFO Loss: 0.3971348702907562 
2022-02-09 01:28 INFO accuracy: 0.8736973404884338 
2022-02-09 01:28 INFO val_loss: 1.1105135679244995 
2022-02-09 01:28 INFO val_accuracy: 0.7199608683586121 
2022-02-09 01:28 INFO ---------------------------------------
2022-02-09 02:16 INFO End epoch 4 of training:
2022-02-09 02:16 INFO Loss: 0.30506840348243713 
2022-02-09 02:16 INFO accuracy: 0.9007267951965332 
2022-02-09 02:16 INFO val_loss: 1.1715112924575806 
2022-02-09 02:16 INFO val_accuracy: 0.7246819138526917 
2022-02-09 02:16 INFO ---------------------------------------
2022-02-09 03:05 INFO End epoch 5 of training:
2022-02-09 03:05 INFO Loss: 0.24506480991840363 
2022-02-09 03:05 INFO accuracy: 0.9189586043357849 
2022-02-09 03:05 INFO val_loss: 1.2004350423812866 
2022-02-09 03:05 INFO val_accuracy: 0.7283666133880615 
2022-02-09 03:05 INFO ---------------------------------------
2022-02-09 03:54 INFO End epoch 6 of training:
2022-02-09 03:54 INFO Loss: 0.20786195993423462 
2022-02-09 03:54 INFO accuracy: 0.9295715093612671 
2022-02-09 03:54 INFO val_loss: 1.2264105081558228 
2022-02-09 03:54 INFO val_accuracy: 0.7296332716941833 
2022-02-09 03:54 INFO ---------------------------------------
2022-02-09 04:43 INFO End epoch 7 of training:
2022-02-09 04:43 INFO Loss: 0.17874465882778168 
2022-02-09 04:43 INFO accuracy: 0.9389513731002808 
2022-02-09 04:43 INFO val_loss: 1.2415482997894287 
2022-02-09 04:43 INFO val_accuracy: 0.731648325920105 
2022-02-09 04:43 INFO ---------------------------------------
